#
# A fatal error has been detected by the Java Runtime Environment:
#
#  SIGSEGV (0xb) at pc=0x00007f6075ecbfed, pid=7295, tid=140051896817408
#
# JRE version: 6.0_45-b06
# Java VM: Java HotSpot(TM) 64-Bit Server VM (20.45-b01 mixed mode linux-amd64 compressed oops)
# Problematic frame:
# V  [libjvm.so+0x59afed]  unsigned+0x11d
#
# If you would like to submit a bug report, please visit:
#   http://java.sun.com/webapps/bugreport/crash.jsp
#

---------------  T H R E A D  ---------------

Current thread (0x00007f60700a2000):  JavaThread "JDWP Transport Listener: dt_socket" daemon [_thread_in_vm, id=7312, stack(0x00007f605f7f5000,0x00007f605f8f6000)]

siginfo:si_signo=SIGSEGV: si_errno=0, si_code=128 (), si_addr=0x0000000000000000

Registers:
RAX=0x0000000000000001, RBX=0x0000000000000000, RCX=0x00007f60763cf3e8, RDX=0x0000000000000000
RSP=0x00007f605f8f46c0, RBP=0x00007f605f8f4730, RSI=0x00007f60700a2000, RDI=0x00007f607000c760
R8 =0x00007f6076f48000, R9 =0x00007f60763cf3d0, R10=0x0000000000000ffc, R11=0x00007f60763cf3d8
R12=0x00007f607000c760, R13=0xc0010000000004b3, R14=0x00007f605f8f477f, R15=0x00007f605f8f46c0
RIP=0x00007f6075ecbfed, EFLAGS=0x0000000000010282, CSGSFS=0x0000000000000033, ERR=0x0000000000000000
  TRAPNO=0x000000000000000d

Top of Stack: (sp=0x00007f605f8f46c0)
0x00007f605f8f46c0:   00007f60700a2000 0000000000000000
0x00007f605f8f46d0:   00007f6000000000 0000000000000000
0x00007f605f8f46e0:   00007f60700a2000 0000000000000000
0x00007f605f8f46f0:   00007f60700a2000 00007f605f8f4810
0x00007f605f8f4700:   00007f60480037b8 c0010000000004b3
0x00007f605f8f4710:   00007f6074ec30f0 0000000000000001
0x00007f605f8f4720:   0000000000000001 0000000000000000
0x00007f605f8f4730:   00007f605f8f477f 00007f6074db62ce
0x00007f605f8f4740:   c0010000000004b3 00007f605f8f4810
0x00007f605f8f4750:   0000000000000001 00007f6074d93a73
0x00007f605f8f4760:   0000000000000000 0000000000000000
0x00007f605f8f4770:   0000000000000000 0000000000000002
0x00007f605f8f4780:   000000000000002c 00007f605f8f4810
0x00007f605f8f4790:   00007f60707c5c48 00007f6074d93c36
0x00007f605f8f47a0:   00007f605f8f4810 0000002c5f8f49d0
0x00007f605f8f47b0:   00007f6048009830 00007f605f8f4810
0x00007f605f8f47c0:   00007f605f8f49d0 00007f605f8f49a0
0x00007f605f8f47d0:   00007f6074ec30f0 00007f6074d93cae
0x00007f605f8f47e0:   00007f605f8f49a0 00007f6074d9e8fb
0x00007f605f8f47f0:   0000594c00000013 00007f60400f0200
0x00007f605f8f4800:   00007f6040001030 00007f605f8f4810
0x00007f605f8f4810:   00007f604800c150 00007f6000000150
0x00007f605f8f4820:   00007f6048009730 00007f600000012c
0x00007f605f8f4830:   00007f605f8f4860 00007f6048009500
0x00007f605f8f4840:   00007f0000000000 0000594c0000001c
0x00007f605f8f4850:   00007f600000a080 00007f605f8f4860
0x00007f605f8f4860:   607f00002c000000 1700000018220054
0x00007f605f8f4870:   65704f6574697277 72416e6f69746172
0x00007f605f8f4880:   0073746e656d7567 67726f4c28370000
0x00007f605f8f4890:   69732f6e6f736a2f 4f534a2f656c706d
0x00007f605f8f48a0:   3b7463656a624f4e 6c2f6176616a4c29
0x00007f605f8f48b0:   697274532f676e61 65646c697542676e 

Instructions: (pc=0x00007f6075ecbfed)
0x00007f6075ecbfcd:   84 c7 03 00 00 41 0f b6 9c 24 68 01 00 00 80 e3
0x00007f6075ecbfdd:   10 84 db 0f 84 ed 02 00 00 31 db 4d 85 ed 74 23
0x00007f6075ecbfed:   49 8b 45 00 48 85 c0 0f 84 d2 02 00 00 49 bd fe
0x00007f6075ecbffd:   fe fe fe fe fe fe fe 48 89 c3 4c 39 e8 0f 84 bc 

Register to memory mapping:

RAX=0x0000000000000001 is an unknown value
RBX=0x0000000000000000 is an unknown value
RCX=0x00007f60763cf3e8: <offset 0xa9e3e8> in /usr/lib/jvm/java-6-oracle/jre/lib/amd64/server/libjvm.so at 0x00007f6075931000
RDX=0x0000000000000000 is an unknown value
RSP=0x00007f605f8f46c0 is pointing into the stack for thread: 0x00007f60700a2000
RBP=0x00007f605f8f4730 is pointing into the stack for thread: 0x00007f60700a2000
RSI=0x00007f60700a2000 is a thread
RDI=0x00007f607000c760 is an unknown value
R8 =0x00007f6076f48000 is an unknown value
R9 =0x00007f60763cf3d0: <offset 0xa9e3d0> in /usr/lib/jvm/java-6-oracle/jre/lib/amd64/server/libjvm.so at 0x00007f6075931000
R10=0x0000000000000ffc is an unknown value
R11=0x00007f60763cf3d8: <offset 0xa9e3d8> in /usr/lib/jvm/java-6-oracle/jre/lib/amd64/server/libjvm.so at 0x00007f6075931000
R12=0x00007f607000c760 is an unknown value
R13=0xc0010000000004b3 is an unknown value
R14=0x00007f605f8f477f is pointing into the stack for thread: 0x00007f60700a2000
R15=0x00007f605f8f46c0 is pointing into the stack for thread: 0x00007f60700a2000


Stack: [0x00007f605f7f5000,0x00007f605f8f6000],  sp=0x00007f605f8f46c0,  free space=1021k
Native frames: (J=compiled Java code, j=interpreted, Vv=VM code, C=native code)
V  [libjvm.so+0x59afed]  unsigned+0x11d


---------------  P R O C E S S  ---------------

Java Threads: ( => current thread )
  0x00007f60700ad000 JavaThread "Low Memory Detector" daemon [_thread_blocked, id=7321, stack(0x00007f605f2f0000,0x00007f605f3f1000)]
  0x00007f60700ab000 JavaThread "C2 CompilerThread1" daemon [_thread_blocked, id=7320, stack(0x00007f605f3f1000,0x00007f605f4f2000)]
  0x00007f60700a8000 JavaThread "C2 CompilerThread0" daemon [_thread_blocked, id=7319, stack(0x00007f605f4f2000,0x00007f605f5f3000)]
  0x00007f6048001000 JavaThread "JDWP Command Reader" daemon [_thread_in_native, id=7316, stack(0x00007f605f5f3000,0x00007f605f6f4000)]
  0x00007f60700a5800 JavaThread "JDWP Event Helper Thread" daemon [_thread_blocked, id=7314, stack(0x00007f605f6f4000,0x00007f605f7f5000)]
=>0x00007f60700a2000 JavaThread "JDWP Transport Listener: dt_socket" daemon [_thread_in_vm, id=7312, stack(0x00007f605f7f5000,0x00007f605f8f6000)]
  0x00007f6070093000 JavaThread "Signal Dispatcher" daemon [_thread_blocked, id=7310, stack(0x00007f605f9fa000,0x00007f605fafb000)]
  0x00007f6070077800 JavaThread "Finalizer" daemon [_thread_blocked, id=7308, stack(0x00007f605fafb000,0x00007f605fbfc000)]
  0x00007f6070075800 JavaThread "Reference Handler" daemon [_thread_blocked, id=7307, stack(0x00007f605fbfc000,0x00007f605fcfd000)]
  0x00007f6070011000 JavaThread "main" [_thread_blocked, id=7300, stack(0x00007f607552c000,0x00007f607562d000)]

Other Threads:
  0x00007f607006f000 VMThread [stack: 0x00007f605fcfd000,0x00007f605fdfe000] [id=7306]
  0x00007f60700b8000 WatcherThread [stack: 0x00007f605f1ef000,0x00007f605f2f0000] [id=7322]

VM state:not at safepoint (normal execution)

VM Mutex/Monitor currently owned by a thread: None

Heap
 PSYoungGen      total 37248K, used 30363K [0x00000007d6600000, 0x00000007d8f90000, 0x0000000800000000)
  eden space 31936K, 95% used [0x00000007d6600000,0x00000007d83a6ed0,0x00000007d8530000)
  from space 5312K, 0% used [0x00000007d8a60000,0x00000007d8a60000,0x00000007d8f90000)
  to   space 5312K, 0% used [0x00000007d8530000,0x00000007d8530000,0x00000007d8a60000)
 PSOldGen        total 85248K, used 0K [0x0000000783200000, 0x0000000788540000, 0x00000007d6600000)
  object space 85248K, 0% used [0x0000000783200000,0x0000000783200000,0x0000000788540000)
 PSPermGen       total 21248K, used 9481K [0x000000077e000000, 0x000000077f4c0000, 0x0000000783200000)
  object space 21248K, 44% used [0x000000077e000000,0x000000077e942790,0x000000077f4c0000)

Code Cache  [0x00007f606d000000, 0x00007f606d270000, 0x00007f6070000000)
 total_blobs=305 nmethods=83 adapters=185 free_code_cache=49697024 largest_free_block=9728

Dynamic libraries:
40000000-40009000 r-xp 00000000 08:01 24650951                           /usr/lib/jvm/java-6-oracle/bin/java
40108000-4010a000 rwxp 00008000 08:01 24650951                           /usr/lib/jvm/java-6-oracle/bin/java
40797000-407b8000 rwxp 00000000 00:00 0                                  [heap]
77e000000-77f4c0000 rwxp 00000000 00:00 0 
77f4c0000-783200000 rwxp 00000000 00:00 0 
783200000-788540000 rwxp 00000000 00:00 0 
788540000-7d6600000 rwxp 00000000 00:00 0 
7d6600000-7d8f90000 rwxp 00000000 00:00 0 
7d8f90000-800000000 rwxp 00000000 00:00 0 
7f602c000000-7f602c021000 rwxp 00000000 00:00 0 
7f602c021000-7f6030000000 ---p 00000000 00:00 0 
7f6030000000-7f6030021000 rwxp 00000000 00:00 0 
7f6030021000-7f6034000000 ---p 00000000 00:00 0 
7f6034000000-7f60343ad000 rwxp 00000000 00:00 0 
7f60343ad000-7f6038000000 ---p 00000000 00:00 0 
7f6038000000-7f60383e4000 rwxp 00000000 00:00 0 
7f60383e4000-7f603c000000 ---p 00000000 00:00 0 
7f603c000000-7f603c021000 rwxp 00000000 00:00 0 
7f603c021000-7f6040000000 ---p 00000000 00:00 0 
7f6040000000-7f6040021000 rwxp 00000000 00:00 0 
7f6040021000-7f6044000000 ---p 00000000 00:00 0 
7f6044000000-7f6044021000 rwxp 00000000 00:00 0 
7f6044021000-7f6048000000 ---p 00000000 00:00 0 
7f6048000000-7f6048062000 rwxp 00000000 00:00 0 
7f6048062000-7f604c000000 ---p 00000000 00:00 0 
7f604c000000-7f604c021000 rwxp 00000000 00:00 0 
7f604c021000-7f6050000000 ---p 00000000 00:00 0 
7f6050000000-7f6050021000 rwxp 00000000 00:00 0 
7f6050021000-7f6054000000 ---p 00000000 00:00 0 
7f6054000000-7f6054021000 rwxp 00000000 00:00 0 
7f6054021000-7f6058000000 ---p 00000000 00:00 0 
7f6058000000-7f6058021000 rwxp 00000000 00:00 0 
7f6058021000-7f605c000000 ---p 00000000 00:00 0 
7f605e9a6000-7f605e9b9000 r-xp 00000000 08:01 26218044                   /usr/lib/jvm/java-6-oracle/jre/lib/amd64/libnet.so
7f605e9b9000-7f605eaba000 ---p 00013000 08:01 26218044                   /usr/lib/jvm/java-6-oracle/jre/lib/amd64/libnet.so
7f605eaba000-7f605eabd000 rwxp 00014000 08:01 26218044                   /usr/lib/jvm/java-6-oracle/jre/lib/amd64/libnet.so
7f605eabd000-7f605eac4000 r-xs 00000000 08:01 24512139                   /usr/lib/x86_64-linux-gnu/gconv/gconv-modules.cache
7f605eac4000-7f605eaea000 r-xp 00000000 08:01 26215556                   /usr/share/locale-langpack/de/LC_MESSAGES/libc.mo
7f605eaea000-7f605eaef000 r-xs 0004d000 08:01 44566484                   /home/felixm/git/backend/com.openexchange.server/lib/xSocket-2.7.1.jar
7f605eaef000-7f605eaf2000 r-xs 0001b000 08:01 44957776                   /home/felixm/git/backend/com.openexchange.xml/lib/spring-core_1.2.7.jar
7f605eaf2000-7f605eaf8000 r-xs 00033000 08:01 44957775                   /home/felixm/git/backend/com.openexchange.xml/lib/spring-beans_1.2.7.jar
7f605eaf8000-7f605eafa000 r-xs 00006000 08:01 44957769                   /home/felixm/git/backend/com.openexchange.xml/lib/org.dynamicjava.stax-api-1.0.jar
7f605eafa000-7f605eafd000 r-xs 00029000 08:01 44957777                   /home/felixm/git/backend/com.openexchange.xml/lib/stax-1.2.0.jar
7f605eafd000-7f605eaff000 r-xs 0001b000 08:01 44957768                   /home/felixm/git/backend/com.openexchange.xml/lib/joox-1.1.0.jar
7f605eaff000-7f605eb05000 r-xs 00044000 08:01 44957767                   /home/felixm/git/backend/com.openexchange.xml/lib/jdom-2.0.5.jar
7f605eb05000-7f605eb15000 r-xs 00112000 08:01 44827736                   /home/felixm/git/backend/com.openexchange.textxtraction/lib/poi-scratchpad-3.8.jar
7f605eb15000-7f605eb17000 r-xs 0000f000 08:01 44827734                   /home/felixm/git/backend/com.openexchange.textxtraction/lib/poi-contrib-3.6.jar
7f605eb17000-7f605eb37000 r-xs 0019d000 08:01 44827733                   /home/felixm/git/backend/com.openexchange.textxtraction/lib/poi-3.8.jar
7f605eb37000-7f605eb43000 r-xs 000d8000 08:01 44827735                   /home/felixm/git/backend/com.openexchange.textxtraction/lib/poi-ooxml-3.8.jar
7f605eb43000-7f605eb59000 r-xs 003a5000 08:01 44827732                   /home/felixm/git/backend/com.openexchange.textxtraction/lib/pdfbox-1.7.0.jar
7f605eb59000-7f605eb5e000 r-xs 00048000 08:01 44827731                   /home/felixm/git/backend/com.openexchange.textxtraction/lib/dom4j-1.6.1.jar
7f605eb5e000-7f605eb8b000 r-xs 0025b000 08:01 44564633                   /home/felixm/git/backend/com.openexchange.preview/lib/jOpenDocument-1.2.jar
7f605eb8b000-7f605eb9b000 r-xs 0017d000 08:01 44564632                   /home/felixm/git/backend/com.openexchange.preview/lib/itextpdf-5.1.2.jar
7f605eb9b000-7f605eb9e000 r-xs 0000f000 08:01 44564634                   /home/felixm/git/backend/com.openexchange.preview/lib/jodconverter-core-3.0-beta-4.jar
7f605eb9e000-7f605ebd7000 r-xs 00121000 08:01 44564643                   /home/felixm/git/backend/com.openexchange.preview/lib/unoil-3.2.1.jar
7f605ebd7000-7f605ebe2000 r-xs 00034000 08:01 44564638                   /home/felixm/git/backend/com.openexchange.preview/lib/ridl-3.2.1.jar
7f605ebe2000-7f605ebe5000 r-xs 00018000 08:01 44564637                   /home/felixm/git/backend/com.openexchange.preview/lib/jurt-3.2.1.jar
7f605ebe5000-7f605ebe7000 r-xs 0000c000 08:01 44564636                   /home/felixm/git/backend/com.openexchange.preview/lib/juh-3.2.1.jar
7f605ebe7000-7f605ebe9000 r-xs 00009000 08:01 44564635                   /home/felixm/git/backend/com.openexchange.preview/lib/jodreports-2.4.0.jar
7f605ebe9000-7f605ebed000 r-xs 0002e000 08:01 44435246                   /home/felixm/git/backend/com.openexchange.oauth.provider/lib/oauth-googlecode.jar
7f605ebed000-7f605ebef000 r-xs 00020000 08:01 44961417                   /home/felixm/git/backend/org.jboss.netty/lib/apiviz-1.3.1-jdk7.jar
7f605ebef000-7f605ec05000 r-xs 000fd000 08:01 44961418                   /home/felixm/git/backend/org.jboss.netty/lib/netty-3.5.8.Final.jar
7f605ec05000-7f605ec06000 r-xs 00003000 08:01 44434962                   /home/felixm/git/backend/com.openexchange.nosql.cassandra/lib/uuid-3.3.jar
7f605ec06000-7f605ec08000 r-xs 00006000 08:01 44434961                   /home/felixm/git/backend/com.openexchange.nosql.cassandra/lib/speed4j-0.13.jar
7f605ec08000-7f605ec0a000 r-xs 0000c000 08:01 44434953                   /home/felixm/git/backend/com.openexchange.nosql.cassandra/lib/snaptree-0.1.jar
7f605ec0a000-7f605ec10000 r-xs 00033000 08:01 44434952                   /home/felixm/git/backend/com.openexchange.nosql.cassandra/lib/snakeyaml-1.6.jar
7f605ec10000-7f605ec13000 r-xs 00011000 08:01 44434932                   /home/felixm/git/backend/com.openexchange.nosql.cassandra/lib/metrics-core-2.0.3.jar
7f605ec13000-7f605ec19000 r-xs 00044000 08:01 44434931                   /home/felixm/git/backend/com.openexchange.nosql.cassandra/lib/libthrift-0.7.0.jar
7f605ec19000-7f605ec1a000 r-xs 00003000 08:01 44434930                   /home/felixm/git/backend/com.openexchange.nosql.cassandra/lib/json-simple-1.1.jar
7f605ec1a000-7f605ec1b000 r-xs 00001000 08:01 44434928                   /home/felixm/git/backend/com.openexchange.nosql.cassandra/lib/jamm-0.2.5.jar
7f605ec1b000-7f605ec29000 r-xs 000ad000 08:01 44434927                   /home/felixm/git/backend/com.openexchange.nosql.cassandra/lib/jackson-mapper-asl-1.9.2.jar
7f605ec29000-7f605ec2d000 r-xs 00034000 08:01 44434926                   /home/felixm/git/backend/com.openexchange.nosql.cassandra/lib/jackson-core-asl-1.9.2.jar
7f605ec2d000-7f605ec2f000 r-xs 00005000 08:01 44434923                   /home/felixm/git/backend/com.openexchange.nosql.cassandra/lib/compress-lzf-0.8.4.jar
7f605ec2f000-7f605ec32000 r-xs 00019000 08:01 44434922                   /home/felixm/git/backend/com.openexchange.nosql.cassandra/lib/commons-pool-1.6.jar
7f605ec32000-7f605ec3c000 r-xs 00088000 08:01 44434921                   /home/felixm/git/backend/com.openexchange.nosql.cassandra/lib/avro-1.4.0-fixes.jar
7f605ec3c000-7f605ec51000 r-xs 001c2000 08:01 44434914                   /home/felixm/git/backend/com.openexchange.nosql.cassandra/lib/antlr-3.2.jar
7f605ec51000-7f605ec54000 r-xs 0000b000 08:01 44434924                   /home/felixm/git/backend/com.openexchange.nosql.cassandra/lib/concurrentlinkedhashmap-lru-1.3.jar
7f605ec54000-7f605ec56000 r-xs 00015000 08:01 44434929                   /home/felixm/git/backend/com.openexchange.nosql.cassandra/lib/jline-1.0.jar
7f605ec56000-7f605ec74000 r-xs 00207000 08:01 44434915                   /home/felixm/git/backend/com.openexchange.nosql.cassandra/lib/apache-cassandra-1.1.8.jar
7f605ec74000-7f605ec7e000 r-xs 000e5000 08:01 44434919                   /home/felixm/git/backend/com.openexchange.nosql.cassandra/lib/apache-cassandra-thrift-1.1.8.jar
7f605ec7e000-7f605ec7f000 r-xs 00008000 08:01 44434917                   /home/felixm/git/backend/com.openexchange.nosql.cassandra/lib/apache-cassandra-clientutil-1.1.8.jar
7f605ec7f000-7f605ec81000 r-xs 0001b000 08:01 44961807                   /home/felixm/git/backend/org.xmlpull/lib/kxml2-2.3.0.jar
7f605ec81000-7f605ec85000 r-xs 0006b000 08:01 44174581                   /home/felixm/git/backend/com.openexchange.html/lib/jTidy.jar
7f605ec85000-7f605ec86000 r-xs 00001000 08:01 43780716                   /home/felixm/git/backend/com.openexchange.crypto/lib/PBKDF2-1.0.4.jar
7f605ec86000-7f605ec88000 r-xs 0000f000 08:01 39585565                   /home/felixm/git/backend/javax.mail/lib/tnef-1.8.0.jar
7f605ec88000-7f605ec8a000 r-xs 00033000 08:01 39585562                   /home/felixm/git/backend/javax.mail/lib/libidn-1.9.jar
7f605ec8a000-7f605ec93000 r-xs 0006d000 08:01 43647016                   /home/felixm/git/backend/com.openexchange.caching/lib/concurrent-1.3.4.jar
7f605ec93000-7f605eca0000 r-xs 000bf000 08:01 43647017                   /home/felixm/git/backend/com.openexchange.caching/lib/jcs-1.3-custom.jar
7f605eca0000-7f605eca2000 r-xs 0000d000 08:01 44961376                   /home/felixm/git/backend/org.ho.jyaml/lib/jyaml-1.3.jar
7f605eca2000-7f605eca5000 r-xs 00012000 08:01 43515992                   /home/felixm/git/backend/com.openexchange.bundles/jars/org.eclipse.osgi.services_3.3.100.v20130513-1956.jar
7f605eca5000-7f605ecac000 r-xs 00096000 08:01 26217950                   /usr/lib/jvm/java-6-oracle/jre/lib/jsse.jar
7f605ecac000-7f605ecaf000 r-xs 00013000 08:01 43515972                   /home/felixm/git/backend/com.openexchange.bundles/jars/commons-cli-1.2.jar
7f605ecaf000-7f605ecb1000 r-xs 00004000 08:01 43516000                   /home/felixm/git/backend/com.openexchange.bundles/jars/log4j-over-slf4j-1.7.5.jar
7f605ecb1000-7f605eccf000 r-xs 0014f000 08:01 44961061                   /home/felixm/git/backend/org.apache.tika/lib/mockito-all-1.9.0-rc1.jar
7f605eccf000-7f605ed3a000 rwxp 00000000 00:00 0 
7f605ed3a000-7f605f17b000 r-xs 01cd1000 08:01 44961026                   /home/felixm/git/backend/org.apache.tika/lib/tika-app-1.4.jar
7f605f17b000-7f605f190000 r-xs 000b2000 08:01 43516006                   /home/felixm/git/backend/com.openexchange.bundles/jars/logback-core-1.0.13.jar
7f605f190000-7f605f19c000 r-xs 0006e000 08:01 43516004                   /home/felixm/git/backend/com.openexchange.bundles/jars/logback-classic-1.0.13.jar
7f605f19c000-7f605f19d000 r-xs 00005000 08:01 44173970                   /home/felixm/git/backend/com.openexchange.global/lib/stringsearch-2.jar
7f605f19d000-7f605f19f000 r-xs 00014000 08:01 44173969                   /home/felixm/git/backend/com.openexchange.global/lib/stringsearch-1.0.0.jar
7f605f19f000-7f605f1ca000 r-xs 001f5000 08:01 39585413                   /home/felixm/git/backend/com.google.common/lib/guava-16.0.jar
7f605f1ca000-7f605f1cc000 r-xs 00009000 08:01 44566476                   /home/felixm/git/backend/com.openexchange.server/lib/java-image-scaling-0.8.5.jar
7f605f1cc000-7f605f1cf000 r-xs 0002e000 08:01 44566474                   /home/felixm/git/backend/com.openexchange.server/lib/jacksum.jar
7f605f1cf000-7f605f1d1000 r-xs 00014000 08:01 44566485                   /home/felixm/git/backend/com.openexchange.server/lib/xmpcore.jar
7f605f1d1000-7f605f1d5000 r-xs 00027000 08:01 44566477                   /home/felixm/git/backend/com.openexchange.server/lib/metadata-extractor-2.6.1.jar
7f605f1d5000-7f605f1e2000 r-xs 000ba000 08:01 44566475                   /home/felixm/git/backend/com.openexchange.server/lib/jaudiotagger-2.0.3.jar
7f605f1e2000-7f605f1e4000 r--s 0000d000 00:16 34390                      /media/ramdisk/workspace/com.openexchange.jolokia.clt/lib/commons-logging-1.1.1.jar
7f605f1e4000-7f605f1e6000 r--s 00009000 00:16 34391                      /media/ramdisk/workspace/com.openexchange.jolokia.clt/lib/jolokia-client-java-1.2.0.jar
7f605f1e6000-7f605f1ef000 r-xs 000a5000 08:01 44827641                   /home/felixm/git/backend/com.openexchange.test/lib/javassist-3.17.1-GA.jar
7f605f1ef000-7f605f1f0000 ---p 00000000 00:00 0 
7f605f1f0000-7f605f2f0000 rwxp 00000000 00:00 0                          [stack:7322]
7f605f2f0000-7f605f2f3000 ---p 00000000 00:00 0 
7f605f2f3000-7f605f3f1000 rwxp 00000000 00:00 0                          [stack:7321]
7f605f3f1000-7f605f3f4000 ---p 00000000 00:00 0 
7f605f3f4000-7f605f4f2000 rwxp 00000000 00:00 0                          [stack:7320]
7f605f4f2000-7f605f4f5000 ---p 00000000 00:00 0 
7f605f4f5000-7f605f5f3000 rwxp 00000000 00:00 0                          [stack:7319]
7f605f5f3000-7f605f5f6000 ---p 00000000 00:00 0 
7f605f5f6000-7f605f6f4000 rwxp 00000000 00:00 0                          [stack:7316]
7f605f6f4000-7f605f6f7000 ---p 00000000 00:00 0 
7f605f6f7000-7f605f7f5000 rwxp 00000000 00:00 0                          [stack:7314]
7f605f7f5000-7f605f7f8000 ---p 00000000 00:00 0 
7f605f7f8000-7f605f8f6000 rwxp 00000000 00:00 0                          [stack:7312]
7f605f8f6000-7f605f8f9000 r-xp 00000000 08:01 26218028                   /usr/lib/jvm/java-6-oracle/jre/lib/amd64/libdt_socket.so
7f605f8f9000-7f605f9f8000 ---p 00003000 08:01 26218028                   /usr/lib/jvm/java-6-oracle/jre/lib/amd64/libdt_socket.so
7f605f9f8000-7f605f9fa000 rwxp 00002000 08:01 26218028                   /usr/lib/jvm/java-6-oracle/jre/lib/amd64/libdt_socket.so
7f605f9fa000-7f605f9fd000 ---p 00000000 00:00 0 
7f605f9fd000-7f605fafb000 rwxp 00000000 00:00 0                          [stack:7310]
7f605fafb000-7f605fafe000 ---p 00000000 00:00 0 
7f605fafe000-7f605fbfc000 rwxp 00000000 00:00 0                          [stack:7308]
7f605fbfc000-7f605fbff000 ---p 00000000 00:00 0 
7f605fbff000-7f605fcfd000 rwxp 00000000 00:00 0                          [stack:7307]
7f605fcfd000-7f605fcfe000 ---p 00000000 00:00 0 
7f605fcfe000-7f6060000000 rwxp 00000000 00:00 0                          [stack:7306]
7f6060000000-7f6060021000 rwxp 00000000 00:00 0 
7f6060021000-7f6064000000 ---p 00000000 00:00 0 
7f6064000000-7f6064021000 rwxp 00000000 00:00 0 
7f6064021000-7f6068000000 ---p 00000000 00:00 0 
7f6068000000-7f6068021000 rwxp 00000000 00:00 0 
7f6068021000-7f606c000000 ---p 00000000 00:00 0 
7f606c000000-7f606c001000 r-xs 00002000 08:01 39714886                   /home/felixm/git/backend/com.openexchange.admin.console.common/lib/opencsv-2.0.jar
7f606c001000-7f606c003000 r-xs 0000c000 08:01 44827644                   /home/felixm/git/backend/com.openexchange.test/lib/junit-addons-1.4.jar
7f606c003000-7f606c005000 r-xs 00007000 08:01 44827646                   /home/felixm/git/backend/com.openexchange.test/lib/objenesis-1.2.jar
7f606c005000-7f606c00b000 r-xs 00049000 08:01 44827640                   /home/felixm/git/backend/com.openexchange.test/lib/cglib-nodep-2.2.jar
7f606c00b000-7f606c019000 r-xs 00074000 08:01 44827647                   /home/felixm/git/backend/com.openexchange.test/lib/powermock-mockito-1.5.4-full.jar
7f606c019000-7f606c03a000 r-xs 00162000 08:01 44827645                   /home/felixm/git/backend/com.openexchange.test/lib/mockito-all-1.9.5.jar
7f606c03a000-7f606c03d000 r-xs 00017000 08:01 44827642                   /home/felixm/git/backend/com.openexchange.test/lib/jchronic-0.2.3.jar
7f606c03d000-7f606c043000 r-xs 00036000 08:01 44827643                   /home/felixm/git/backend/com.openexchange.test/lib/junit-4.11.jar
7f606c043000-7f606c047000 r-xs 00014000 08:01 43515998                   /home/felixm/git/backend/com.openexchange.bundles/jars/slf4j-api-1.7.5.jar
7f606c047000-7f606c049000 r-xs 00007000 08:01 43515996                   /home/felixm/git/backend/com.openexchange.bundles/jars/org.w3c.css.sac_1.3.1.v200903091627.jar
7f606c049000-7f606c04e000 r-xs 00043000 08:01 43515975                   /home/felixm/git/backend/com.openexchange.bundles/jars/org.apache.commons.net_3.2.0.v201305141515.jar
7f606c04e000-7f606c053000 r-xs 00045000 08:01 43515970                   /home/felixm/git/backend/com.openexchange.bundles/jars/org.apache.commons.lang_2.6.0.v201205030909.jar
7f606c053000-7f606c057000 r-xs 00026000 08:01 43515968                   /home/felixm/git/backend/com.openexchange.bundles/jars/org.apache.commons.io_2.0.1.v201105210651.jar
7f606c057000-7f606c05d000 r-xs 00039000 08:01 43515967                   /home/felixm/git/backend/com.openexchange.bundles/jars/org.apache.commons.codec_1.6.0.v201305230611.jar
7f606c05d000-7f606c071000 r-xs 00140000 08:01 43515995                   /home/felixm/git/backend/com.openexchange.bundles/jars/org.eclipse.osgi_3.9.0.v20130529-1710.jar
7f606c071000-7f606c079000 r-xs 000ce000 08:01 43650135                   /home/felixm/git/backend/com.openexchange.common/lib/mysql-connector-java-5.1.28-bin.jar
7f606c079000-7f606c08d000 r-xs 000b7000 08:01 43648578                   /home/felixm/git/backend/com.openexchange.common/lib/commons-httpclient-3.1.jar
7f606c08d000-7f606c0b5000 r-xs 00241000 08:01 43648658                   /home/felixm/git/backend/com.openexchange.common/lib/trove-3.0.3.jar
7f606c0b5000-7f606c3b8000 rwxp 00000000 00:00 0 
7f606c3b8000-7f606c551000 r-xs 03087000 08:01 26217972                   /usr/lib/jvm/java-6-oracle/jre/lib/rt.jar
7f606c551000-7f606c552000 ---p 00000000 00:00 0 
7f606c552000-7f606c652000 rwxp 00000000 00:00 0                          [stack:7304]
7f606c652000-7f606c653000 ---p 00000000 00:00 0 
7f606c653000-7f606c753000 rwxp 00000000 00:00 0                          [stack:7303]
7f606c753000-7f606c754000 ---p 00000000 00:00 0 
7f606c754000-7f606c854000 rwxp 00000000 00:00 0                          [stack:7302]
7f606c854000-7f606c855000 ---p 00000000 00:00 0 
7f606c855000-7f606c97f000 rwxp 00000000 00:00 0                          [stack:7301]
7f606c97f000-7f606cbef000 rwxp 00000000 00:00 0 
7f606cbef000-7f606cbfa000 rwxp 00000000 00:00 0 
7f606cbfa000-7f606cc18000 rwxp 00000000 00:00 0 
7f606cc18000-7f606cc42000 rwxp 00000000 00:00 0 
7f606cc42000-7f606ceb2000 rwxp 00000000 00:00 0 
7f606ceb2000-7f606cec7000 rwxp 00000000 00:00 0 
7f606cec7000-7f606cfff000 rwxp 00000000 00:00 0 
7f606cfff000-7f606d270000 rwxp 00000000 00:00 0 
7f606d270000-7f6070873000 rwxp 00000000 00:00 0 
7f6070873000-7f6074000000 ---p 00000000 00:00 0 
7f6074000000-7f6074001000 r--s 00003000 00:16 34392                      /media/ramdisk/workspace/com.openexchange.jolokia.clt/lib/json-simple-1.1.jar
7f6074001000-7f6074004000 r-xs 0000a000 08:01 43515981                   /home/felixm/git/backend/com.openexchange.bundles/jars/jcl-over-slf4j-1.7.5.jar
7f6074004000-7f6074007000 r-xs 0001b000 08:01 43515964                   /home/felixm/git/backend/com.openexchange.bundles/jars/javax.servlet_2.5.0.v201103041518.jar
7f6074007000-7f607400b000 r-xs 00027000 08:01 43648598                   /home/felixm/git/backend/com.openexchange.common/lib/jakarta-slide-webdavlib-2.1.jar
7f607400b000-7f607400e000 r-xs 0001b000 08:01 43648577                   /home/felixm/git/backend/com.openexchange.common/lib/commons-fileupload-1.2.1-custom.jar
7f607400e000-7f6074010000 r-xs 00005000 08:01 43648574                   /home/felixm/git/backend/com.openexchange.common/lib/chardet-1.1.jar
7f6074010000-7f607401e000 r-xs 0007f000 08:01 43648575                   /home/felixm/git/backend/com.openexchange.common/lib/commons-collections-3.2.1.jar
7f607401e000-7f6074028000 r-xs 000b2000 08:01 43648608                   /home/felixm/git/backend/com.openexchange.common/lib/owasp-esapi-2.0.1.jar
7f6074028000-7f607402a000 r-xs 0000e000 08:01 43648583                   /home/felixm/git/backend/com.openexchange.common/lib/gnu-rex.jar
7f607402a000-7f607402f000 r-xs 00027000 08:01 43648572                   /home/felixm/git/backend/com.openexchange.common/lib/automaton-1.11-8.jar
7f607402f000-7f6074031000 r-xs 00006000 08:01 43648571                   /home/felixm/git/backend/com.openexchange.common/lib/apache-mime4j-storage-0.7.2.jar
7f6074031000-7f6074038000 r-xs 00044000 08:01 43648569                   /home/felixm/git/backend/com.openexchange.common/lib/apache-mime4j-dom-0.7.2.jar
7f6074038000-7f607403b000 r-xs 00015000 08:01 43648568                   /home/felixm/git/backend/com.openexchange.common/lib/apache-mime4j-core-0.7.2.jar
7f607403b000-7f607403d000 r-xs 00005000 08:01 43648599                   /home/felixm/git/backend/com.openexchange.common/lib/jboss-jms-api.jar
7f607403d000-7f6074051000 r-xs 00040000 08:01 43648597                   /home/felixm/git/backend/com.openexchange.common/lib/ical4j-zoneinfo-outlook-1.0.2.jar
7f6074051000-7f6074059000 r-xs 00049000 08:01 43648573                   /home/felixm/git/backend/com.openexchange.common/lib/backport-util-concurrent-3.1.jar
7f6074059000-7f607405c000 r-xs 00042000 08:01 43648581                   /home/felixm/git/backend/com.openexchange.common/lib/cssparser-0.9.7.jar
7f607405c000-7f6074063000 r-xs 00089000 08:01 43648600                   /home/felixm/git/backend/com.openexchange.common/lib/jericho-html-3.3.jar
7f6074063000-7f6074066000 r-xs 0001d000 08:01 43648585                   /home/felixm/git/backend/com.openexchange.common/lib/htmlcleaner-2.5.jar
7f6074066000-7f6074069000 r-xs 0001c000 08:01 43648607                   /home/felixm/git/backend/com.openexchange.common/lib/nekohtml-1.9.18.jar
7f6074069000-7f607406b000 r-xs 00005000 08:01 43648592                   /home/felixm/git/backend/com.openexchange.common/lib/httpmime-4.2.1.jar
7f607406b000-7f6074071000 r-xs 00040000 08:01 43648591                   /home/felixm/git/backend/com.openexchange.common/lib/httpcore-nio-4.2.1.jar
7f6074071000-7f6074073000 r-xs 00006000 08:01 43648590                   /home/felixm/git/backend/com.openexchange.common/lib/httpcore-ab-4.2.1.jar
7f6074073000-7f6074079000 r-xs 00031000 08:01 43648589                   /home/felixm/git/backend/com.openexchange.common/lib/httpcore-4.2.1.jar
7f6074079000-7f607407c000 r-xs 0001a000 08:01 43648588                   /home/felixm/git/backend/com.openexchange.common/lib/httpclient-cache-4.2.1.jar
7f607407c000-7f6074086000 r-xs 0005f000 08:01 43648587                   /home/felixm/git/backend/com.openexchange.common/lib/httpclient-4.2.1.jar
7f6074086000-7f607408b000 r-xs 00032000 08:01 43648576                   /home/felixm/git/backend/com.openexchange.common/lib/commons-compress-1.3.jar
7f607408b000-7f6074091000 r-xs 00042000 08:01 43648601                   /home/felixm/git/backend/com.openexchange.common/lib/jsoup-1.7.2.jar
7f6074091000-7f60740f8000 rwxp 00000000 00:00 0 
7f60740f8000-7f6074116000 rwxp 00000000 00:00 0 
7f6074116000-7f6074124000 r-xp 00000000 08:01 26218004                   /usr/lib/jvm/java-6-oracle/jre/lib/amd64/libzip.so
7f6074124000-7f6074226000 ---p 0000e000 08:01 26218004                   /usr/lib/jvm/java-6-oracle/jre/lib/amd64/libzip.so
7f6074226000-7f6074229000 rwxp 00010000 08:01 26218004                   /usr/lib/jvm/java-6-oracle/jre/lib/amd64/libzip.so
7f6074229000-7f607422a000 rwxp 00000000 00:00 0 
7f607422a000-7f6074236000 r-xp 00000000 08:01 15732155                   /lib/x86_64-linux-gnu/libnss_files-2.17.so
7f6074236000-7f6074435000 ---p 0000c000 08:01 15732155                   /lib/x86_64-linux-gnu/libnss_files-2.17.so
7f6074435000-7f6074436000 r-xp 0000b000 08:01 15732155                   /lib/x86_64-linux-gnu/libnss_files-2.17.so
7f6074436000-7f6074437000 rwxp 0000c000 08:01 15732155                   /lib/x86_64-linux-gnu/libnss_files-2.17.so
7f6074437000-7f6074442000 r-xp 00000000 08:01 15728943                   /lib/x86_64-linux-gnu/libnss_nis-2.17.so
7f6074442000-7f6074641000 ---p 0000b000 08:01 15728943                   /lib/x86_64-linux-gnu/libnss_nis-2.17.so
7f6074641000-7f6074642000 r-xp 0000a000 08:01 15728943                   /lib/x86_64-linux-gnu/libnss_nis-2.17.so
7f6074642000-7f6074643000 rwxp 0000b000 08:01 15728943                   /lib/x86_64-linux-gnu/libnss_nis-2.17.so
7f6074643000-7f607464b000 r-xp 00000000 08:01 15728819                   /lib/x86_64-linux-gnu/libnss_compat-2.17.so
7f607464b000-7f607484a000 ---p 00008000 08:01 15728819                   /lib/x86_64-linux-gnu/libnss_compat-2.17.so
7f607484a000-7f607484b000 r-xp 00007000 08:01 15728819                   /lib/x86_64-linux-gnu/libnss_compat-2.17.so
7f607484b000-7f607484c000 rwxp 00008000 08:01 15728819                   /lib/x86_64-linux-gnu/libnss_compat-2.17.so
7f607484c000-7f6074c8a000 r-xp 00000000 08:01 24121882                   /usr/lib/locale/locale-archive
7f6074c8a000-7f6074c8d000 r-xp 00000000 08:01 26218036                   /usr/lib/jvm/java-6-oracle/jre/lib/amd64/libnpt.so
7f6074c8d000-7f6074d8c000 ---p 00003000 08:01 26218036                   /usr/lib/jvm/java-6-oracle/jre/lib/amd64/libnpt.so
7f6074d8c000-7f6074d8d000 rwxp 00002000 08:01 26218036                   /usr/lib/jvm/java-6-oracle/jre/lib/amd64/libnpt.so
7f6074d8d000-7f6074dc3000 r-xp 00000000 08:01 26218040                   /usr/lib/jvm/java-6-oracle/jre/lib/amd64/libjdwp.so
7f6074dc3000-7f6074ec2000 ---p 00036000 08:01 26218040                   /usr/lib/jvm/java-6-oracle/jre/lib/amd64/libjdwp.so
7f6074ec2000-7f6074ecc000 rwxp 00035000 08:01 26218040                   /usr/lib/jvm/java-6-oracle/jre/lib/amd64/libjdwp.so
7f6074ecc000-7f6074ee3000 r-xp 00000000 08:01 15728652                   /lib/x86_64-linux-gnu/libnsl-2.17.so
7f6074ee3000-7f60750e2000 ---p 00017000 08:01 15728652                   /lib/x86_64-linux-gnu/libnsl-2.17.so
7f60750e2000-7f60750e3000 r-xp 00016000 08:01 15728652                   /lib/x86_64-linux-gnu/libnsl-2.17.so
7f60750e3000-7f60750e4000 rwxp 00017000 08:01 15728652                   /lib/x86_64-linux-gnu/libnsl-2.17.so
7f60750e4000-7f60750e6000 rwxp 00000000 00:00 0 
7f60750e6000-7f607510f000 r-xp 00000000 08:01 26218034                   /usr/lib/jvm/java-6-oracle/jre/lib/amd64/libjava.so
7f607510f000-7f607520e000 ---p 00029000 08:01 26218034                   /usr/lib/jvm/java-6-oracle/jre/lib/amd64/libjava.so
7f607520e000-7f6075215000 rwxp 00028000 08:01 26218034                   /usr/lib/jvm/java-6-oracle/jre/lib/amd64/libjava.so
7f6075215000-7f6075222000 r-xp 00000000 08:01 26218026                   /usr/lib/jvm/java-6-oracle/jre/lib/amd64/libverify.so
7f6075222000-7f6075321000 ---p 0000d000 08:01 26218026                   /usr/lib/jvm/java-6-oracle/jre/lib/amd64/libverify.so
7f6075321000-7f6075324000 rwxp 0000c000 08:01 26218026                   /usr/lib/jvm/java-6-oracle/jre/lib/amd64/libverify.so
7f6075324000-7f607532b000 r-xp 00000000 08:01 15732157                   /lib/x86_64-linux-gnu/librt-2.17.so
7f607532b000-7f607552a000 ---p 00007000 08:01 15732157                   /lib/x86_64-linux-gnu/librt-2.17.so
7f607552a000-7f607552b000 r-xp 00006000 08:01 15732157                   /lib/x86_64-linux-gnu/librt-2.17.so
7f607552b000-7f607552c000 rwxp 00007000 08:01 15732157                   /lib/x86_64-linux-gnu/librt-2.17.so
7f607552c000-7f607552f000 ---p 00000000 00:00 0 
7f607552f000-7f607562d000 rwxp 00000000 00:00 0                          [stack:7300]
7f607562d000-7f6075730000 r-xp 00000000 08:01 15728825                   /lib/x86_64-linux-gnu/libm-2.17.so
7f6075730000-7f607592f000 ---p 00103000 08:01 15728825                   /lib/x86_64-linux-gnu/libm-2.17.so
7f607592f000-7f6075930000 r-xp 00102000 08:01 15728825                   /lib/x86_64-linux-gnu/libm-2.17.so
7f6075930000-7f6075931000 rwxp 00103000 08:01 15728825                   /lib/x86_64-linux-gnu/libm-2.17.so
7f6075931000-7f607624f000 r-xp 00000000 08:01 26477749                   /usr/lib/jvm/java-6-oracle/jre/lib/amd64/server/libjvm.so
7f607624f000-7f6076351000 ---p 0091e000 08:01 26477749                   /usr/lib/jvm/java-6-oracle/jre/lib/amd64/server/libjvm.so
7f6076351000-7f6076507000 rwxp 00920000 08:01 26477749                   /usr/lib/jvm/java-6-oracle/jre/lib/amd64/server/libjvm.so
7f6076507000-7f6076541000 rwxp 00000000 00:00 0 
7f6076541000-7f60766fe000 r-xp 00000000 08:01 15732246                   /lib/x86_64-linux-gnu/libc-2.17.so
7f60766fe000-7f60768fe000 ---p 001bd000 08:01 15732246                   /lib/x86_64-linux-gnu/libc-2.17.so
7f60768fe000-7f6076902000 r-xp 001bd000 08:01 15732246                   /lib/x86_64-linux-gnu/libc-2.17.so
7f6076902000-7f6076904000 rwxp 001c1000 08:01 15732246                   /lib/x86_64-linux-gnu/libc-2.17.so
7f6076904000-7f6076909000 rwxp 00000000 00:00 0 
7f6076909000-7f607690c000 r-xp 00000000 08:01 15732252                   /lib/x86_64-linux-gnu/libdl-2.17.so
7f607690c000-7f6076b0b000 ---p 00003000 08:01 15732252                   /lib/x86_64-linux-gnu/libdl-2.17.so
7f6076b0b000-7f6076b0c000 r-xp 00002000 08:01 15732252                   /lib/x86_64-linux-gnu/libdl-2.17.so
7f6076b0c000-7f6076b0d000 rwxp 00003000 08:01 15732252                   /lib/x86_64-linux-gnu/libdl-2.17.so
7f6076b0d000-7f6076b24000 r-xp 00000000 08:01 15732262                   /lib/x86_64-linux-gnu/libpthread-2.17.so
7f6076b24000-7f6076d24000 ---p 00017000 08:01 15732262                   /lib/x86_64-linux-gnu/libpthread-2.17.so
7f6076d24000-7f6076d25000 r-xp 00017000 08:01 15732262                   /lib/x86_64-linux-gnu/libpthread-2.17.so
7f6076d25000-7f6076d26000 rwxp 00018000 08:01 15732262                   /lib/x86_64-linux-gnu/libpthread-2.17.so
7f6076d26000-7f6076d2a000 rwxp 00000000 00:00 0 
7f6076d2a000-7f6076d4d000 r-xp 00000000 08:01 15728837                   /lib/x86_64-linux-gnu/ld-2.17.so
7f6076d4d000-7f6076d4f000 r-xs 00004000 08:01 43648582                   /home/felixm/git/backend/com.openexchange.common/lib/fluent-hc-4.2.1.jar
7f6076d4f000-7f6076d51000 r-xs 00016000 08:01 43648584                   /home/felixm/git/backend/com.openexchange.common/lib/high-scale-lib-1.1.4.jar
7f6076d51000-7f6076d54000 r-xs 00006000 08:01 43648602                   /home/felixm/git/backend/com.openexchange.common/lib/jsr305.jar
7f6076d54000-7f6076d5a000 r-xs 00034000 08:01 43648614                   /home/felixm/git/backend/com.openexchange.common/lib/scribe-java-1.3.5.jar
7f6076d5a000-7f6076d64000 rwxp 00000000 00:00 0 
7f6076d64000-7f6076e1a000 rwxp 00000000 00:00 0 
7f6076e1a000-7f6076e1d000 rwxp 00000000 00:00 0 
7f6076e1d000-7f6076e24000 r-xp 00000000 08:01 26347681                   /usr/lib/jvm/java-6-oracle/jre/lib/amd64/jli/libjli.so
7f6076e24000-7f6076f25000 ---p 00007000 08:01 26347681                   /usr/lib/jvm/java-6-oracle/jre/lib/amd64/jli/libjli.so
7f6076f25000-7f6076f27000 rwxp 00008000 08:01 26347681                   /usr/lib/jvm/java-6-oracle/jre/lib/amd64/jli/libjli.so
7f6076f27000-7f6076f28000 rwxp 00000000 00:00 0 
7f6076f28000-7f6076f29000 r-xs 00002000 08:01 43648612                   /home/felixm/git/backend/com.openexchange.common/lib/rabin-hash-function-2.0.jar
7f6076f29000-7f6076f2b000 r-xs 00010000 08:01 43648580                   /home/felixm/git/backend/com.openexchange.common/lib/concurrentlinkedhashmap-lru-1.3.2.jar
7f6076f2b000-7f6076f2d000 r-xs 00004000 08:01 43648570                   /home/felixm/git/backend/com.openexchange.common/lib/apache-mime4j-examples-0.7.2.jar
7f6076f2d000-7f6076f2f000 r-xs 0000a000 08:01 43648579                   /home/felixm/git/backend/com.openexchange.common/lib/concurrentlinkedhashmap-1.0.1-custom.jar
7f6076f2f000-7f6076f40000 r-xs 0008e000 08:01 43648593                   /home/felixm/git/backend/com.openexchange.common/lib/ical4j-1.0.4.jar
7f6076f40000-7f6076f48000 rwxs 00000000 08:01 34079248                   /tmp/hsperfdata_felixm/7295
7f6076f48000-7f6076f49000 rwxp 00000000 00:00 0 
7f6076f49000-7f6076f4a000 r-xp 00000000 00:00 0 
7f6076f4a000-7f6076f4c000 rwxp 00000000 00:00 0 
7f6076f4c000-7f6076f4d000 r-xp 00022000 08:01 15728837                   /lib/x86_64-linux-gnu/ld-2.17.so
7f6076f4d000-7f6076f4f000 rwxp 00023000 08:01 15728837                   /lib/x86_64-linux-gnu/ld-2.17.so
7fffe7955000-7fffe7979000 rwxp 00000000 00:00 0                          [stack]
7fffe79d0000-7fffe79d2000 r-xp 00000000 00:00 0                          [vdso]
ffffffffff600000-ffffffffff601000 r-xp 00000000 00:00 0                  [vsyscall]

VM Arguments:
jvm_args: -agentlib:jdwp=transport=dt_socket,suspend=y,address=localhost:55434 -Dfile.encoding=UTF-8 
java_command: com.openexchange.jolokia.clt.JolokiaCLT --user abc --password def -s
Launcher Type: SUN_STANDARD

Environment Variables:
JAVA_HOME=/usr/lib/jvm/java-7-oracle
PATH=/home/felixm/bin:/usr/lib/lightdm/lightdm:/usr/local/sbin:/usr/local/bin:/usr/sbin:/usr/bin:/sbin:/bin:/usr/games:/usr/local/games:/usr/lib/jvm/java-7-oracle/bin:/usr/lib/jvm/java-7-oracle/db/bin:/usr/lib/jvm/java-7-oracle/jre/bin
LD_LIBRARY_PATH=/usr/lib/jvm/java-6-oracle/jre/lib/amd64/server:/usr/lib/jvm/java-6-oracle/jre/lib/amd64:/usr/lib/jvm/java-6-oracle/jre/../lib/amd64
SHELL=/bin/bash
DISPLAY=:0.0

Signal Handlers:
SIGSEGV: [libjvm.so+0x862a30], sa_mask[0]=0x7ffbfeff, sa_flags=0x10000004
SIGBUS: [libjvm.so+0x862a30], sa_mask[0]=0x7ffbfeff, sa_flags=0x10000004
SIGFPE: [libjvm.so+0x7106f0], sa_mask[0]=0x7ffbfeff, sa_flags=0x10000004
SIGPIPE: [libjvm.so+0x7106f0], sa_mask[0]=0x7ffbfeff, sa_flags=0x10000004
SIGXFSZ: [libjvm.so+0x7106f0], sa_mask[0]=0x7ffbfeff, sa_flags=0x10000004
SIGILL: [libjvm.so+0x7106f0], sa_mask[0]=0x7ffbfeff, sa_flags=0x10000004
SIGUSR1: SIG_DFL, sa_mask[0]=0x00000000, sa_flags=0x00000000
SIGUSR2: [libjvm.so+0x713520], sa_mask[0]=0x00000004, sa_flags=0x10000004
SIGHUP: [libjvm.so+0x713120], sa_mask[0]=0x7ffbfeff, sa_flags=0x10000004
SIGINT: [libjvm.so+0x713120], sa_mask[0]=0x7ffbfeff, sa_flags=0x10000004
SIGTERM: [libjvm.so+0x713120], sa_mask[0]=0x7ffbfeff, sa_flags=0x10000004
SIGQUIT: [libjvm.so+0x713120], sa_mask[0]=0x7ffbfeff, sa_flags=0x10000004


---------------  S Y S T E M  ---------------

OS:wheezy/sid

uname:Linux 3.11.0-19-generic #33-Ubuntu SMP Tue Mar 11 18:48:34 UTC 2014 x86_64
libc:glibc 2.17 NPTL 2.17 
rlimit: STACK 8192k, CORE 0k, NPROC 63722, NOFILE 4096, AS infinity
load average:0.45 0.47 0.60

/proc/meminfo:
MemTotal:        8176724 kB
MemFree:         1306472 kB
Buffers:          467972 kB
Cached:          1537904 kB
SwapCached:         7360 kB
Active:          4057156 kB
Inactive:        1457988 kB
Active(anon):    3530376 kB
Inactive(anon):   929176 kB
Active(file):     526780 kB
Inactive(file):   528812 kB
Unevictable:          52 kB
Mlocked:              52 kB
SwapTotal:       8386556 kB
SwapFree:        8249356 kB
Dirty:               852 kB
Writeback:             0 kB
AnonPages:       3501684 kB
Mapped:           257700 kB
Shmem:            950384 kB
Slab:            1134176 kB
SReclaimable:    1077236 kB
SUnreclaim:        56940 kB
KernelStack:        8896 kB
PageTables:        69852 kB
NFS_Unstable:          0 kB
Bounce:                0 kB
WritebackTmp:          0 kB
CommitLimit:    12474916 kB
Committed_AS:   12368284 kB
VmallocTotal:   34359738367 kB
VmallocUsed:      322328 kB
VmallocChunk:   34359412468 kB
HardwareCorrupted:     0 kB
AnonHugePages:         0 kB
HugePages_Total:       0
HugePages_Free:        0
HugePages_Rsvd:        0
HugePages_Surp:        0
Hugepagesize:       2048 kB
DirectMap4k:     2606592 kB
DirectMap2M:     5781504 kB


CPU:total 4 (4 cores per cpu, 1 threads per core) family 6 model 23 stepping 10, cmov, cx8, fxsr, mmx, sse, sse2, sse3, ssse3, sse4.1

/proc/cpuinfo:
processor	: 0
vendor_id	: GenuineIntel
cpu family	: 6
model		: 23
model name	: Intel(R) Core(TM)2 Quad CPU    Q9550  @ 2.83GHz
stepping	: 10
microcode	: 0xa07
cpu MHz		: 2003.000
cache size	: 6144 KB
physical id	: 0
siblings	: 4
core id		: 0
cpu cores	: 4
apicid		: 0
initial apicid	: 0
fpu		: yes
fpu_exception	: yes
cpuid level	: 13
wp		: yes
flags		: fpu vme de pse tsc msr pae mce cx8 apic sep mtrr pge mca cmov pat pse36 clflush dts acpi mmx fxsr sse sse2 ss ht tm pbe syscall nx lm constant_tsc arch_perfmon pebs bts rep_good nopl aperfmperf pni dtes64 monitor ds_cpl vmx smx est tm2 ssse3 cx16 xtpr pdcm sse4_1 xsave lahf_lm dtherm tpr_shadow vnmi flexpriority
bogomips	: 5661.24
clflush size	: 64
cache_alignment	: 64
address sizes	: 36 bits physical, 48 bits virtual
power management:

processor	: 1
vendor_id	: GenuineIntel
cpu family	: 6
model		: 23
model name	: Intel(R) Core(TM)2 Quad CPU    Q9550  @ 2.83GHz
stepping	: 10
microcode	: 0xa07
cpu MHz		: 2833.000
cache size	: 6144 KB
physical id	: 0
siblings	: 4
core id		: 1
cpu cores	: 4
apicid		: 1
initial apicid	: 1
fpu		: yes
fpu_exception	: yes
cpuid level	: 13
wp		: yes
flags		: fpu vme de pse tsc msr pae mce cx8 apic sep mtrr pge mca cmov pat pse36 clflush dts acpi mmx fxsr sse sse2 ss ht tm pbe syscall nx lm constant_tsc arch_perfmon pebs bts rep_good nopl aperfmperf pni dtes64 monitor ds_cpl vmx smx est tm2 ssse3 cx16 xtpr pdcm sse4_1 xsave lahf_lm dtherm tpr_shadow vnmi flexpriority
bogomips	: 5661.24
clflush size	: 64
cache_alignment	: 64
address sizes	: 36 bits physical, 48 bits virtual
power management:

processor	: 2
vendor_id	: GenuineIntel
cpu family	: 6
model		: 23
model name	: Intel(R) Core(TM)2 Quad CPU    Q9550  @ 2.83GHz
stepping	: 10
microcode	: 0xa07
cpu MHz		: 2003.000
cache size	: 6144 KB
physical id	: 0
siblings	: 4
core id		: 2
cpu cores	: 4
apicid		: 2
initial apicid	: 2
fpu		: yes
fpu_exception	: yes
cpuid level	: 13
wp		: yes
flags		: fpu vme de pse tsc msr pae mce cx8 apic sep mtrr pge mca cmov pat pse36 clflush dts acpi mmx fxsr sse sse2 ss ht tm pbe syscall nx lm constant_tsc arch_perfmon pebs bts rep_good nopl aperfmperf pni dtes64 monitor ds_cpl vmx smx est tm2 ssse3 cx16 xtpr pdcm sse4_1 xsave lahf_lm dtherm tpr_shadow vnmi flexpriority
bogomips	: 5661.24
clflush size	: 64
cache_alignment	: 64
address sizes	: 36 bits physical, 48 bits virtual
power management:

processor	: 3
vendor_id	: GenuineIntel
cpu family	: 6
model		: 23
model name	: Intel(R) Core(TM)2 Quad CPU    Q9550  @ 2.83GHz
stepping	: 10
microcode	: 0xa07
cpu MHz		: 2003.000
cache size	: 6144 KB
physical id	: 0
siblings	: 4
core id		: 3
cpu cores	: 4
apicid		: 3
initial apicid	: 3
fpu		: yes
fpu_exception	: yes
cpuid level	: 13
wp		: yes
flags		: fpu vme de pse tsc msr pae mce cx8 apic sep mtrr pge mca cmov pat pse36 clflush dts acpi mmx fxsr sse sse2 ss ht tm pbe syscall nx lm constant_tsc arch_perfmon pebs bts rep_good nopl aperfmperf pni dtes64 monitor ds_cpl vmx smx est tm2 ssse3 cx16 xtpr pdcm sse4_1 xsave lahf_lm dtherm tpr_shadow vnmi flexpriority
bogomips	: 5661.24
clflush size	: 64
cache_alignment	: 64
address sizes	: 36 bits physical, 48 bits virtual
power management:



Memory: 4k page, physical 8176724k(1306472k free), swap 8386556k(8249356k free)

vm_info: Java HotSpot(TM) 64-Bit Server VM (20.45-b01) for linux-amd64 JRE (1.6.0_45-b06), built on Mar 26 2013 14:07:02 by "java_re" with gcc 3.2.2 (SuSE Linux)

time: Fri Apr  4 10:52:22 2014
elapsed time: 521 seconds

